<?xml version="1.0" encoding="UTF-8"?>
<!-- Generated by org.testng.reporters.JUnitReportReporter -->
<testsuite hostname="LAPTOP-KJ4EF9JD" failures="0" tests="1" name="test.PS1" time="0.010" errors="0" timestamp="09 Jun 2024 12:25:55 GMT" skipped="0">
  <testcase classname="test.PS1" name="TestRun" time="0.010"/>
</testsuite> <!-- test.PS1 -->
