<?xml version="1.0" encoding="UTF-8"?>
<!-- Generated by org.testng.reporters.JUnitReportReporter -->
<testsuite hostname="LAPTOP-KJ4EF9JD" failures="0" tests="1" name="PS1" time="0.011" errors="0" timestamp="09 Jun 2024 12:03:16 GMT" skipped="0">
  <testcase classname="PS1" name="TestRun" time="0.011"/>
</testsuite> <!-- PS1 -->
